Performing C++ SOURCE FILE Test COMPILER_NEEDS_FLOAT_STORE failed with the following output:
Change Dir: /Users/haiduong/daisykit/CMakeFiles/CMakeScratch/TryCompile-2Vmf64

Run Build Command(s):/usr/bin/make -f Makefile cmTC_862d0/fast && /Applications/Xcode.app/Contents/Developer/usr/bin/make  -f CMakeFiles/cmTC_862d0.dir/build.make CMakeFiles/cmTC_862d0.dir/build
Building CXX object CMakeFiles/cmTC_862d0.dir/src.cxx.o
/Applications/Xcode.app/Contents/Developer/Toolchains/XcodeDefault.xctoolchain/usr/bin/c++ -DCOMPILER_NEEDS_FLOAT_STORE  -fPIC -fexceptions -frtti  -arch x86_64 -isysroot /Applications/Xcode.app/Contents/Developer/Platforms/MacOSX.platform/Developer/SDKs/MacOSX13.1.sdk   -ffloat-store -MD -MT CMakeFiles/cmTC_862d0.dir/src.cxx.o -MF CMakeFiles/cmTC_862d0.dir/src.cxx.o.d -o CMakeFiles/cmTC_862d0.dir/src.cxx.o -c /Users/haiduong/daisykit/CMakeFiles/CMakeScratch/TryCompile-2Vmf64/src.cxx
clang: warning: optimization flag '-ffloat-store' is not supported [-Wignored-optimization-argument]
Linking CXX executable cmTC_862d0
/usr/local/Cellar/cmake/3.25.3/bin/cmake -E cmake_link_script CMakeFiles/cmTC_862d0.dir/link.txt --verbose=1
/Applications/Xcode.app/Contents/Developer/Toolchains/XcodeDefault.xctoolchain/usr/bin/c++  -fPIC -fexceptions -frtti  -arch x86_64 -isysroot /Applications/Xcode.app/Contents/Developer/Platforms/MacOSX.platform/Developer/SDKs/MacOSX13.1.sdk -Wl,-search_paths_first -Wl,-headerpad_max_install_names CMakeFiles/cmTC_862d0.dir/src.cxx.o -o cmTC_862d0 


Source file was:
int main() { return 0; }

Performing C++ SOURCE FILE Test COMPILER_NEEDS_FLOAT_STORE failed with the following output:
Change Dir: /Users/haiduong/daisykit/CMakeFiles/CMakeScratch/TryCompile-BTFgcv

Run Build Command(s):/usr/bin/make -f Makefile cmTC_c7c8d/fast && /Applications/Xcode.app/Contents/Developer/usr/bin/make  -f CMakeFiles/cmTC_c7c8d.dir/build.make CMakeFiles/cmTC_c7c8d.dir/build
Building CXX object CMakeFiles/cmTC_c7c8d.dir/src.cxx.o
/Applications/Xcode.app/Contents/Developer/Toolchains/XcodeDefault.xctoolchain/usr/bin/c++ -DCOMPILER_NEEDS_FLOAT_STORE  -fPIC -fexceptions -frtti  -arch x86_64 -isysroot /Applications/Xcode.app/Contents/Developer/Platforms/MacOSX.platform/Developer/SDKs/MacOSX13.1.sdk   -ffloat-store -MD -MT CMakeFiles/cmTC_c7c8d.dir/src.cxx.o -MF CMakeFiles/cmTC_c7c8d.dir/src.cxx.o.d -o CMakeFiles/cmTC_c7c8d.dir/src.cxx.o -c /Users/haiduong/daisykit/CMakeFiles/CMakeScratch/TryCompile-BTFgcv/src.cxx
clang: warning: optimization flag '-ffloat-store' is not supported [-Wignored-optimization-argument]
Linking CXX executable cmTC_c7c8d
/usr/local/Cellar/cmake/3.25.3/bin/cmake -E cmake_link_script CMakeFiles/cmTC_c7c8d.dir/link.txt --verbose=1
/Applications/Xcode.app/Contents/Developer/Toolchains/XcodeDefault.xctoolchain/usr/bin/c++  -fPIC -fexceptions -frtti  -arch x86_64 -isysroot /Applications/Xcode.app/Contents/Developer/Platforms/MacOSX.platform/Developer/SDKs/MacOSX13.1.sdk -Wl,-search_paths_first -Wl,-headerpad_max_install_names CMakeFiles/cmTC_c7c8d.dir/src.cxx.o -o cmTC_c7c8d 


Source file was:
int main() { return 0; }

